
CondaError: Run 'conda init' before 'conda activate'


EnvironmentNameNotFound: Could not find conda environment: meu_env
You can list all discoverable environments with `conda info --envs`.


172.20.60.39
[I 2026-04-04 19:11:40.824 ServerApp] jupyter_lsp | extension was successfully linked.
[I 2026-04-04 19:11:40.827 ServerApp] jupyter_server_terminals | extension was successfully linked.
[I 2026-04-04 19:11:40.830 ServerApp] jupyterlab | extension was successfully linked.
[I 2026-04-04 19:11:40.832 ServerApp] notebook | extension was successfully linked.
[I 2026-04-04 19:11:41.091 ServerApp] notebook_shim | extension was successfully linked.
[I 2026-04-04 19:11:41.108 ServerApp] notebook_shim | extension was successfully loaded.
[I 2026-04-04 19:11:41.110 ServerApp] jupyter_lsp | extension was successfully loaded.
[I 2026-04-04 19:11:41.110 ServerApp] jupyter_server_terminals | extension was successfully loaded.
[I 2026-04-04 19:11:41.115 LabApp] JupyterLab extension loaded from /home/joao25017/miniconda3/envs/neuromante/lib/python3.14/site-packages/jupyterlab
[I 2026-04-04 19:11:41.115 LabApp] JupyterLab application directory is /home/joao25017/miniconda3/envs/neuromante/share/jupyter/lab
[I 2026-04-04 19:11:41.115 LabApp] Extension Manager is 'pypi'.
[I 2026-04-04 19:11:41.149 ServerApp] jupyterlab | extension was successfully loaded.
[I 2026-04-04 19:11:41.153 ServerApp] notebook | extension was successfully loaded.
[I 2026-04-04 19:11:41.153 ServerApp] The port 8888 is already in use, trying another port.
[I 2026-04-04 19:11:41.153 ServerApp] Serving notebooks from local directory: /home/joao25017/work
[I 2026-04-04 19:11:41.153 ServerApp] Jupyter Server 2.17.0 is running at:
[I 2026-04-04 19:11:41.153 ServerApp] http://172.20.60.39:8889/tree?token=f6626936326acb0dabfad24822df401cd04f3c08e8125d98
[I 2026-04-04 19:11:41.153 ServerApp]     http://127.0.0.1:8889/tree?token=f6626936326acb0dabfad24822df401cd04f3c08e8125d98
[I 2026-04-04 19:11:41.153 ServerApp] Use Control-C to stop this server and shut down all kernels (twice to skip confirmation).
[W 2026-04-04 19:11:41.159 ServerApp] No web browser found: Error('could not locate runnable browser').
[C 2026-04-04 19:11:41.159 ServerApp] 
    
    To access the server, open this file in a browser:
        file:/home/joao25017/.local/share/jupyter/runtime/jpserver-3364355-open.html
    Or copy and paste one of these URLs:
        http://172.20.60.39:8889/tree?token=f6626936326acb0dabfad24822df401cd04f3c08e8125d98
        http://127.0.0.1:8889/tree?token=f6626936326acb0dabfad24822df401cd04f3c08e8125d98
[I 2026-04-04 19:11:41.178 ServerApp] Skipped non-installed server(s): basedpyright, bash-language-server, dockerfile-language-server-nodejs, javascript-typescript-langserver, jedi-language-server, julia-language-server, pyrefly, pyright, python-language-server, python-lsp-server, r-languageserver, sql-language-server, texlab, typescript-language-server, unified-language-server, vscode-css-languageserver-bin, vscode-html-languageserver-bin, vscode-json-languageserver-bin, yaml-language-server
[I 2026-04-04 19:14:02.874 ServerApp] Kernel started: 50ea46be-cca9-4d20-a331-edcf26692b41
[I 2026-04-04 19:14:03.448 ServerApp] Adapting from protocol version 5.3 (kernel 50ea46be-cca9-4d20-a331-edcf26692b41) to 5.4 (client).
[I 2026-04-04 19:14:03.449 ServerApp] Connecting to kernel 50ea46be-cca9-4d20-a331-edcf26692b41.
[W 2026-04-04 19:14:03.449 ServerApp] The websocket_ping_timeout (90000) cannot be longer than the websocket_ping_interval (30000).
    Setting websocket_ping_timeout=30000
[I 2026-04-04 19:14:03.491 ServerApp] Starting buffering for 50ea46be-cca9-4d20-a331-edcf26692b41:54b55dec-9856-428a-92ef-4922d57a3b1a
[I 2026-04-04 19:14:03.495 ServerApp] Adapting from protocol version 5.3 (kernel 50ea46be-cca9-4d20-a331-edcf26692b41) to 5.4 (client).
[I 2026-04-04 19:14:03.495 ServerApp] Connecting to kernel 50ea46be-cca9-4d20-a331-edcf26692b41.
[I 2026-04-04 19:14:03.524 ServerApp] Adapting from protocol version 5.3 (kernel 50ea46be-cca9-4d20-a331-edcf26692b41) to 5.4 (client).
[I 2026-04-04 19:14:03.525 ServerApp] Connecting to kernel 50ea46be-cca9-4d20-a331-edcf26692b41.
[I 2026-04-04 19:14:07.986 ServerApp] Adapting from protocol version 5.3 (kernel 50ea46be-cca9-4d20-a331-edcf26692b41) to 5.4 (client).
[I 2026-04-04 19:14:07.987 ServerApp] Connecting to kernel 50ea46be-cca9-4d20-a331-edcf26692b41.
[I 2026-04-04 19:18:02.949 ServerApp] Saving file at /neuromante.ipynb
[I 2026-04-04 19:19:12.381 ServerApp] Kernel restarted: 50ea46be-cca9-4d20-a331-edcf26692b41
[I 2026-04-04 19:19:12.390 ServerApp] Starting buffering for 50ea46be-cca9-4d20-a331-edcf26692b41:b040b426-a94a-44e5-a235-4b0254afb6b3
[I 2026-04-04 19:19:12.412 ServerApp] Adapting from protocol version 5.3 (kernel 50ea46be-cca9-4d20-a331-edcf26692b41) to 5.4 (client).
[I 2026-04-04 19:19:12.412 ServerApp] Connecting to kernel 50ea46be-cca9-4d20-a331-edcf26692b41.
[I 2026-04-04 19:19:12.413 ServerApp] Restoring connection for 50ea46be-cca9-4d20-a331-edcf26692b41:b040b426-a94a-44e5-a235-4b0254afb6b3
[I 2026-04-04 19:20:03.033 ServerApp] Saving file at /neuromante.ipynb
[I 2026-04-04 19:27:05.286 ServerApp] Kernel restarted: 50ea46be-cca9-4d20-a331-edcf26692b41
[I 2026-04-04 19:27:05.291 ServerApp] Starting buffering for 50ea46be-cca9-4d20-a331-edcf26692b41:b040b426-a94a-44e5-a235-4b0254afb6b3
[I 2026-04-04 19:27:05.298 ServerApp] Adapting from protocol version 5.3 (kernel 50ea46be-cca9-4d20-a331-edcf26692b41) to 5.4 (client).
[I 2026-04-04 19:27:05.299 ServerApp] Connecting to kernel 50ea46be-cca9-4d20-a331-edcf26692b41.
[I 2026-04-04 19:27:05.299 ServerApp] Restoring connection for 50ea46be-cca9-4d20-a331-edcf26692b41:b040b426-a94a-44e5-a235-4b0254afb6b3
[I 2026-04-04 19:27:23.853 ServerApp] Kernel restarted: 50ea46be-cca9-4d20-a331-edcf26692b41
[I 2026-04-04 19:27:23.893 ServerApp] Starting buffering for 50ea46be-cca9-4d20-a331-edcf26692b41:b040b426-a94a-44e5-a235-4b0254afb6b3
[I 2026-04-04 19:27:23.899 ServerApp] Adapting from protocol version 5.3 (kernel 50ea46be-cca9-4d20-a331-edcf26692b41) to 5.4 (client).
[I 2026-04-04 19:27:23.900 ServerApp] Connecting to kernel 50ea46be-cca9-4d20-a331-edcf26692b41.
[I 2026-04-04 19:27:23.900 ServerApp] Restoring connection for 50ea46be-cca9-4d20-a331-edcf26692b41:b040b426-a94a-44e5-a235-4b0254afb6b3
[I 2026-04-04 19:27:37.191 ServerApp] Kernel restarted: 50ea46be-cca9-4d20-a331-edcf26692b41
[I 2026-04-04 19:27:37.195 ServerApp] Starting buffering for 50ea46be-cca9-4d20-a331-edcf26692b41:b040b426-a94a-44e5-a235-4b0254afb6b3
[I 2026-04-04 19:27:37.208 ServerApp] Adapting from protocol version 5.3 (kernel 50ea46be-cca9-4d20-a331-edcf26692b41) to 5.4 (client).
[I 2026-04-04 19:27:37.208 ServerApp] Connecting to kernel 50ea46be-cca9-4d20-a331-edcf26692b41.
[I 2026-04-04 19:27:37.208 ServerApp] Restoring connection for 50ea46be-cca9-4d20-a331-edcf26692b41:b040b426-a94a-44e5-a235-4b0254afb6b3
[I 2026-04-04 19:27:39.481 ServerApp] Adapting from protocol version 5.3 (kernel 50ea46be-cca9-4d20-a331-edcf26692b41) to 5.4 (client).
[I 2026-04-04 19:27:39.481 ServerApp] Connecting to kernel 50ea46be-cca9-4d20-a331-edcf26692b41.
[W 2026-04-04 19:27:43.527 ServerApp] delete /Estudos do Optuna
[I 2026-04-04 19:27:51.617 ServerApp] Kernel restarted: 50ea46be-cca9-4d20-a331-edcf26692b41
[I 2026-04-04 19:27:51.622 ServerApp] Starting buffering for 50ea46be-cca9-4d20-a331-edcf26692b41:b040b426-a94a-44e5-a235-4b0254afb6b3
[I 2026-04-04 19:27:51.628 ServerApp] Adapting from protocol version 5.3 (kernel 50ea46be-cca9-4d20-a331-edcf26692b41) to 5.4 (client).
[I 2026-04-04 19:27:51.628 ServerApp] Connecting to kernel 50ea46be-cca9-4d20-a331-edcf26692b41.
[I 2026-04-04 19:27:51.628 ServerApp] Restoring connection for 50ea46be-cca9-4d20-a331-edcf26692b41:b040b426-a94a-44e5-a235-4b0254afb6b3
[I 2026-04-04 19:28:04.962 ServerApp] Saving file at /neuromante.ipynb
[I 2026-04-04 19:28:32.973 ServerApp] Kernel restarted: 50ea46be-cca9-4d20-a331-edcf26692b41
[I 2026-04-04 19:28:32.982 ServerApp] Starting buffering for 50ea46be-cca9-4d20-a331-edcf26692b41:b040b426-a94a-44e5-a235-4b0254afb6b3
[I 2026-04-04 19:28:32.991 ServerApp] Adapting from protocol version 5.3 (kernel 50ea46be-cca9-4d20-a331-edcf26692b41) to 5.4 (client).
[I 2026-04-04 19:28:32.991 ServerApp] Connecting to kernel 50ea46be-cca9-4d20-a331-edcf26692b41.
[I 2026-04-04 19:28:32.991 ServerApp] Restoring connection for 50ea46be-cca9-4d20-a331-edcf26692b41:b040b426-a94a-44e5-a235-4b0254afb6b3
[I 2026-04-04 19:28:46.844 ServerApp] Kernel restarted: 50ea46be-cca9-4d20-a331-edcf26692b41
[I 2026-04-04 19:28:46.850 ServerApp] Starting buffering for 50ea46be-cca9-4d20-a331-edcf26692b41:b040b426-a94a-44e5-a235-4b0254afb6b3
[I 2026-04-04 19:28:46.855 ServerApp] Adapting from protocol version 5.3 (kernel 50ea46be-cca9-4d20-a331-edcf26692b41) to 5.4 (client).
[I 2026-04-04 19:28:46.856 ServerApp] Connecting to kernel 50ea46be-cca9-4d20-a331-edcf26692b41.
[I 2026-04-04 19:28:46.856 ServerApp] Restoring connection for 50ea46be-cca9-4d20-a331-edcf26692b41:b040b426-a94a-44e5-a235-4b0254afb6b3
[I 2026-04-04 19:28:46.962 ServerApp] Adapting from protocol version 5.3 (kernel 50ea46be-cca9-4d20-a331-edcf26692b41) to 5.4 (client).
[I 2026-04-04 19:28:46.962 ServerApp] Connecting to kernel 50ea46be-cca9-4d20-a331-edcf26692b41.
[W 2026-04-04 19:28:55.710 ServerApp] delete /Estudos do Optuna
[I 2026-04-04 19:29:00.037 ServerApp] Kernel restarted: 50ea46be-cca9-4d20-a331-edcf26692b41
[I 2026-04-04 19:29:00.042 ServerApp] Starting buffering for 50ea46be-cca9-4d20-a331-edcf26692b41:b040b426-a94a-44e5-a235-4b0254afb6b3
[I 2026-04-04 19:29:00.048 ServerApp] Adapting from protocol version 5.3 (kernel 50ea46be-cca9-4d20-a331-edcf26692b41) to 5.4 (client).
[I 2026-04-04 19:29:00.048 ServerApp] Connecting to kernel 50ea46be-cca9-4d20-a331-edcf26692b41.
[I 2026-04-04 19:29:00.048 ServerApp] Restoring connection for 50ea46be-cca9-4d20-a331-edcf26692b41:b040b426-a94a-44e5-a235-4b0254afb6b3
[I 2026-04-04 19:30:05.938 ServerApp] Saving file at /neuromante.ipynb
[I 2026-04-04 19:30:33.396 ServerApp] Adapting from protocol version 5.3 (kernel 50ea46be-cca9-4d20-a331-edcf26692b41) to 5.4 (client).
[I 2026-04-04 19:30:33.397 ServerApp] Connecting to kernel 50ea46be-cca9-4d20-a331-edcf26692b41.
[I 2026-04-04 19:30:33.407 ServerApp] Kernel restarted: 50ea46be-cca9-4d20-a331-edcf26692b41
[I 2026-04-04 19:30:33.418 ServerApp] Adapting from protocol version 5.3 (kernel 50ea46be-cca9-4d20-a331-edcf26692b41) to 5.4 (client).
[I 2026-04-04 19:30:33.418 ServerApp] Connecting to kernel 50ea46be-cca9-4d20-a331-edcf26692b41.
[W 2026-04-04 19:30:43.301 ServerApp] delete /Estudos do Optuna
[I 2026-04-04 19:32:06.946 ServerApp] Saving file at /neuromante.ipynb
[I 2026-04-04 19:33:14.997 ServerApp] Kernel restarted: 50ea46be-cca9-4d20-a331-edcf26692b41
[I 2026-04-04 19:33:15.003 ServerApp] Starting buffering for 50ea46be-cca9-4d20-a331-edcf26692b41:b040b426-a94a-44e5-a235-4b0254afb6b3
[I 2026-04-04 19:33:15.008 ServerApp] Adapting from protocol version 5.3 (kernel 50ea46be-cca9-4d20-a331-edcf26692b41) to 5.4 (client).
[I 2026-04-04 19:33:15.009 ServerApp] Connecting to kernel 50ea46be-cca9-4d20-a331-edcf26692b41.
[I 2026-04-04 19:33:15.009 ServerApp] Restoring connection for 50ea46be-cca9-4d20-a331-edcf26692b41:b040b426-a94a-44e5-a235-4b0254afb6b3
[I 2026-04-04 19:34:06.993 ServerApp] Saving file at /neuromante.ipynb
[I 2026-04-04 19:36:07.948 ServerApp] Saving file at /neuromante.ipynb
[I 2026-04-04 19:38:08.957 ServerApp] Saving file at /neuromante.ipynb
[I 2026-04-04 19:40:09.030 ServerApp] Saving file at /neuromante.ipynb
[I 2026-04-04 19:42:09.111 ServerApp] Saving file at /neuromante.ipynb
[I 2026-04-04 19:44:09.193 ServerApp] Saving file at /neuromante.ipynb
[I 2026-04-04 19:45:12.166 ServerApp] Kernel restarted: 50ea46be-cca9-4d20-a331-edcf26692b41
[I 2026-04-04 19:45:12.171 ServerApp] Starting buffering for 50ea46be-cca9-4d20-a331-edcf26692b41:b040b426-a94a-44e5-a235-4b0254afb6b3
[I 2026-04-04 19:45:12.179 ServerApp] Adapting from protocol version 5.3 (kernel 50ea46be-cca9-4d20-a331-edcf26692b41) to 5.4 (client).
[I 2026-04-04 19:45:12.179 ServerApp] Connecting to kernel 50ea46be-cca9-4d20-a331-edcf26692b41.
[I 2026-04-04 19:45:12.179 ServerApp] Restoring connection for 50ea46be-cca9-4d20-a331-edcf26692b41:b040b426-a94a-44e5-a235-4b0254afb6b3
[I 2026-04-04 19:45:19.489 ServerApp] Adapting from protocol version 5.3 (kernel 50ea46be-cca9-4d20-a331-edcf26692b41) to 5.4 (client).
[I 2026-04-04 19:45:19.489 ServerApp] Connecting to kernel 50ea46be-cca9-4d20-a331-edcf26692b41.
[W 2026-04-04 19:45:26.052 ServerApp] 400 GET /api/contents/Estudos%20do%20Optuna/mlp_fps.db?type=file&content=1&hash=1&format=text&contentProviderId=undefined&1775342726036 (172.20.50.27): /home/joao25017/work/Estudos do Optuna/mlp_fps.db is not UTF-8 encoded
[W 2026-04-04 19:45:26.052 ServerApp] wrote error: '/home/joao25017/work/Estudos do Optuna/mlp_fps.db is not UTF-8 encoded'
    Traceback (most recent call last):
      File "/home/joao25017/miniconda3/envs/neuromante/lib/python3.14/site-packages/jupyter_server/services/contents/fileio.py", line 562, in _read_file
        (bcontent.decode("utf8"), "text", bcontent)
         ~~~~~~~~~~~~~~~^^^^^^^^
    UnicodeDecodeError: 'utf-8' codec can't decode byte 0x8d in position 98: invalid start byte
    
    The above exception was the direct cause of the following exception:
    
    Traceback (most recent call last):
      File "/home/joao25017/miniconda3/envs/neuromante/lib/python3.14/site-packages/tornado/web.py", line 1880, in _execute
        result = await result
                 ^^^^^^^^^^^^
      File "/home/joao25017/miniconda3/envs/neuromante/lib/python3.14/site-packages/jupyter_server/auth/decorator.py", line 73, in inner
        return await out
               ^^^^^^^^^
      File "/home/joao25017/miniconda3/envs/neuromante/lib/python3.14/site-packages/jupyter_server/services/contents/handlers.py", line 156, in get
        model = await ensure_async(
                ^^^^^^^^^^^^^^^^^^^
        ...<7 lines>...
        )
        ^
      File "/home/joao25017/miniconda3/envs/neuromante/lib/python3.14/site-packages/jupyter_core/utils/__init__.py", line 214, in ensure_async
        result = await obj
                 ^^^^^^^^^
      File "/home/joao25017/miniconda3/envs/neuromante/lib/python3.14/site-packages/jupyter_server/services/contents/filemanager.py", line 928, in get
        model = await self._file_model(
                ^^^^^^^^^^^^^^^^^^^^^^^
            path, content=content, format=format, require_hash=require_hash
            ^^^^^^^^^^^^^^^^^^^^^^^^^^^^^^^^^^^^^^^^^^^^^^^^^^^^^^^^^^^^^^^
        )
        ^
      File "/home/joao25017/miniconda3/envs/neuromante/lib/python3.14/site-packages/jupyter_server/services/contents/filemanager.py", line 837, in _file_model
        content, format, bytes_content = await self._read_file(os_path, format, raw=True)  # type: ignore[misc]
                                         ^^^^^^^^^^^^^^^^^^^^^^^^^^^^^^^^^^^^^^^^^^^^^^^^
      File "/home/joao25017/miniconda3/envs/neuromante/lib/python3.14/site-packages/jupyter_server/services/contents/fileio.py", line 571, in _read_file
        raise HTTPError(
        ...<3 lines>...
        ) from e
    tornado.web.HTTPError: HTTP 400: bad format (/home/joao25017/work/Estudos do Optuna/mlp_fps.db is not UTF-8 encoded)
[W 2026-04-04 19:45:26.060 ServerApp] 400 GET /api/contents/Estudos%20do%20Optuna/mlp_fps.db?type=file&content=1&hash=1&format=text&contentProviderId=undefined&1775342726036 (1241cfca5da24c17a68dc9bc709bd9ef@172.20.50.27) 9.55ms referer=http://172.20.60.39:8889/tree/Estudos%20do%20Optuna
[W 2026-04-04 19:45:26.061 ServerApp] 400 GET /api/contents/Estudos%20do%20Optuna/mlp_fps.db?type=file&content=1&hash=1&format=text&contentProviderId=undefined&1775342726042 (172.20.50.27): /home/joao25017/work/Estudos do Optuna/mlp_fps.db is not UTF-8 encoded
[W 2026-04-04 19:45:26.061 ServerApp] wrote error: '/home/joao25017/work/Estudos do Optuna/mlp_fps.db is not UTF-8 encoded'
    Traceback (most recent call last):
      File "/home/joao25017/miniconda3/envs/neuromante/lib/python3.14/site-packages/jupyter_server/services/contents/fileio.py", line 562, in _read_file
        (bcontent.decode("utf8"), "text", bcontent)
         ~~~~~~~~~~~~~~~^^^^^^^^
    UnicodeDecodeError: 'utf-8' codec can't decode byte 0x8d in position 98: invalid start byte
    
    The above exception was the direct cause of the following exception:
    
    Traceback (most recent call last):
      File "/home/joao25017/miniconda3/envs/neuromante/lib/python3.14/site-packages/tornado/web.py", line 1880, in _execute
        result = await result
                 ^^^^^^^^^^^^
      File "/home/joao25017/miniconda3/envs/neuromante/lib/python3.14/site-packages/jupyter_server/auth/decorator.py", line 73, in inner
        return await out
               ^^^^^^^^^
      File "/home/joao25017/miniconda3/envs/neuromante/lib/python3.14/site-packages/jupyter_server/services/contents/handlers.py", line 156, in get
        model = await ensure_async(
                ^^^^^^^^^^^^^^^^^^^
        ...<7 lines>...
        )
        ^
      File "/home/joao25017/miniconda3/envs/neuromante/lib/python3.14/site-packages/jupyter_core/utils/__init__.py", line 214, in ensure_async
        result = await obj
                 ^^^^^^^^^
      File "/home/joao25017/miniconda3/envs/neuromante/lib/python3.14/site-packages/jupyter_server/services/contents/filemanager.py", line 928, in get
        model = await self._file_model(
                ^^^^^^^^^^^^^^^^^^^^^^^
            path, content=content, format=format, require_hash=require_hash
            ^^^^^^^^^^^^^^^^^^^^^^^^^^^^^^^^^^^^^^^^^^^^^^^^^^^^^^^^^^^^^^^
        )
        ^
      File "/home/joao25017/miniconda3/envs/neuromante/lib/python3.14/site-packages/jupyter_server/services/contents/filemanager.py", line 837, in _file_model
        content, format, bytes_content = await self._read_file(os_path, format, raw=True)  # type: ignore[misc]
                                         ^^^^^^^^^^^^^^^^^^^^^^^^^^^^^^^^^^^^^^^^^^^^^^^^
      File "/home/joao25017/miniconda3/envs/neuromante/lib/python3.14/site-packages/jupyter_server/services/contents/fileio.py", line 571, in _read_file
        raise HTTPError(
        ...<3 lines>...
        ) from e
    tornado.web.HTTPError: HTTP 400: bad format (/home/joao25017/work/Estudos do Optuna/mlp_fps.db is not UTF-8 encoded)
[W 2026-04-04 19:45:26.062 ServerApp] 400 GET /api/contents/Estudos%20do%20Optuna/mlp_fps.db?type=file&content=1&hash=1&format=text&contentProviderId=undefined&1775342726042 (1241cfca5da24c17a68dc9bc709bd9ef@172.20.50.27) 1.99ms referer=http://172.20.60.39:8889/tree/Estudos%20do%20Optuna
[I 2026-04-04 19:45:26.605 ServerApp] Adapting from protocol version 5.3 (kernel 50ea46be-cca9-4d20-a331-edcf26692b41) to 5.4 (client).
[I 2026-04-04 19:45:26.605 ServerApp] Connecting to kernel 50ea46be-cca9-4d20-a331-edcf26692b41.
[W 2026-04-04 19:45:26.673 ServerApp] 400 GET /api/contents/Estudos%20do%20Optuna/mlp_fps.db?type=file&content=1&hash=1&format=text&contentProviderId=undefined&1775342726655 (172.20.50.27): /home/joao25017/work/Estudos do Optuna/mlp_fps.db is not UTF-8 encoded
[W 2026-04-04 19:45:26.673 ServerApp] wrote error: '/home/joao25017/work/Estudos do Optuna/mlp_fps.db is not UTF-8 encoded'
    Traceback (most recent call last):
      File "/home/joao25017/miniconda3/envs/neuromante/lib/python3.14/site-packages/jupyter_server/services/contents/fileio.py", line 562, in _read_file
        (bcontent.decode("utf8"), "text", bcontent)
         ~~~~~~~~~~~~~~~^^^^^^^^
    UnicodeDecodeError: 'utf-8' codec can't decode byte 0x8d in position 98: invalid start byte
    
    The above exception was the direct cause of the following exception:
    
    Traceback (most recent call last):
      File "/home/joao25017/miniconda3/envs/neuromante/lib/python3.14/site-packages/tornado/web.py", line 1880, in _execute
        result = await result
                 ^^^^^^^^^^^^
      File "/home/joao25017/miniconda3/envs/neuromante/lib/python3.14/site-packages/jupyter_server/auth/decorator.py", line 73, in inner
        return await out
               ^^^^^^^^^
      File "/home/joao25017/miniconda3/envs/neuromante/lib/python3.14/site-packages/jupyter_server/services/contents/handlers.py", line 156, in get
        model = await ensure_async(
                ^^^^^^^^^^^^^^^^^^^
        ...<7 lines>...
        )
        ^
      File "/home/joao25017/miniconda3/envs/neuromante/lib/python3.14/site-packages/jupyter_core/utils/__init__.py", line 214, in ensure_async
        result = await obj
                 ^^^^^^^^^
      File "/home/joao25017/miniconda3/envs/neuromante/lib/python3.14/site-packages/jupyter_server/services/contents/filemanager.py", line 928, in get
        model = await self._file_model(
                ^^^^^^^^^^^^^^^^^^^^^^^
            path, content=content, format=format, require_hash=require_hash
            ^^^^^^^^^^^^^^^^^^^^^^^^^^^^^^^^^^^^^^^^^^^^^^^^^^^^^^^^^^^^^^^
        )
        ^
      File "/home/joao25017/miniconda3/envs/neuromante/lib/python3.14/site-packages/jupyter_server/services/contents/filemanager.py", line 837, in _file_model
        content, format, bytes_content = await self._read_file(os_path, format, raw=True)  # type: ignore[misc]
                                         ^^^^^^^^^^^^^^^^^^^^^^^^^^^^^^^^^^^^^^^^^^^^^^^^
      File "/home/joao25017/miniconda3/envs/neuromante/lib/python3.14/site-packages/jupyter_server/services/contents/fileio.py", line 571, in _read_file
        raise HTTPError(
        ...<3 lines>...
        ) from e
    tornado.web.HTTPError: HTTP 400: bad format (/home/joao25017/work/Estudos do Optuna/mlp_fps.db is not UTF-8 encoded)
[W 2026-04-04 19:45:26.674 ServerApp] 400 GET /api/contents/Estudos%20do%20Optuna/mlp_fps.db?type=file&content=1&hash=1&format=text&contentProviderId=undefined&1775342726655 (1241cfca5da24c17a68dc9bc709bd9ef@172.20.50.27) 2.24ms referer=http://172.20.60.39:8889/edit/Estudos%20do%20Optuna/mlp_fps.db
[I 2026-04-04 19:46:09.977 ServerApp] Saving file at /neuromante.ipynb
[I 2026-04-04 19:48:10.064 ServerApp] Saving file at /neuromante.ipynb
[I 2026-04-04 19:49:19.850 ServerApp] Kernel restarted: 50ea46be-cca9-4d20-a331-edcf26692b41
[I 2026-04-04 19:49:19.855 ServerApp] Starting buffering for 50ea46be-cca9-4d20-a331-edcf26692b41:b040b426-a94a-44e5-a235-4b0254afb6b3
[I 2026-04-04 19:49:19.861 ServerApp] Adapting from protocol version 5.3 (kernel 50ea46be-cca9-4d20-a331-edcf26692b41) to 5.4 (client).
[I 2026-04-04 19:49:19.862 ServerApp] Connecting to kernel 50ea46be-cca9-4d20-a331-edcf26692b41.
[I 2026-04-04 19:49:19.862 ServerApp] Restoring connection for 50ea46be-cca9-4d20-a331-edcf26692b41:b040b426-a94a-44e5-a235-4b0254afb6b3
[I 2026-04-04 19:49:49.291 ServerApp] Saving file at /neuromante.ipynb
[I 2026-04-04 19:50:18.492 ServerApp] Kernel restarted: 50ea46be-cca9-4d20-a331-edcf26692b41
[I 2026-04-04 19:50:18.499 ServerApp] Starting buffering for 50ea46be-cca9-4d20-a331-edcf26692b41:b040b426-a94a-44e5-a235-4b0254afb6b3
[I 2026-04-04 19:50:18.504 ServerApp] Adapting from protocol version 5.3 (kernel 50ea46be-cca9-4d20-a331-edcf26692b41) to 5.4 (client).
[I 2026-04-04 19:50:18.505 ServerApp] Connecting to kernel 50ea46be-cca9-4d20-a331-edcf26692b41.
[I 2026-04-04 19:50:18.505 ServerApp] Restoring connection for 50ea46be-cca9-4d20-a331-edcf26692b41:b040b426-a94a-44e5-a235-4b0254afb6b3
[I 2026-04-04 19:50:49.538 ServerApp] Kernel restarted: 50ea46be-cca9-4d20-a331-edcf26692b41
[I 2026-04-04 19:50:49.544 ServerApp] Starting buffering for 50ea46be-cca9-4d20-a331-edcf26692b41:b040b426-a94a-44e5-a235-4b0254afb6b3
[I 2026-04-04 19:50:49.550 ServerApp] Adapting from protocol version 5.3 (kernel 50ea46be-cca9-4d20-a331-edcf26692b41) to 5.4 (client).
[I 2026-04-04 19:50:49.551 ServerApp] Connecting to kernel 50ea46be-cca9-4d20-a331-edcf26692b41.
[I 2026-04-04 19:50:49.551 ServerApp] Restoring connection for 50ea46be-cca9-4d20-a331-edcf26692b41:b040b426-a94a-44e5-a235-4b0254afb6b3
[I 2026-04-04 19:51:49.969 ServerApp] Saving file at /neuromante.ipynb
[I 2026-04-04 19:53:50.080 ServerApp] Saving file at /neuromante.ipynb
[I 2026-04-04 19:55:50.153 ServerApp] Saving file at /neuromante.ipynb
[I 2026-04-04 19:57:50.226 ServerApp] Saving file at /neuromante.ipynb
[I 2026-04-04 19:59:50.298 ServerApp] Saving file at /neuromante.ipynb
[I 2026-04-04 20:05:50.964 ServerApp] Saving file at /neuromante.ipynb
[W 2026-04-04 20:06:43.330 ServerApp] delete /Estudos do Optuna
[W 2026-04-04 20:06:52.731 ServerApp] delete /lightning_logs
[I 2026-04-04 20:07:51.962 ServerApp] Saving file at /neuromante.ipynb
[I 2026-04-04 20:09:52.993 ServerApp] Saving file at /neuromante.ipynb
[I 2026-04-04 20:11:53.955 ServerApp] Saving file at /neuromante.ipynb
[I 2026-04-04 20:12:28.124 ServerApp] Saving file at /neuromante.ipynb
[I 2026-04-04 20:13:00.412 ServerApp] Saving file at /neuromante.ipynb
[I 2026-04-04 20:13:05.444 ServerApp] Starting buffering for 50ea46be-cca9-4d20-a331-edcf26692b41:b040b426-a94a-44e5-a235-4b0254afb6b3
[2026-04-04T20:13:31.494] error: *** JOB 5137 ON work1 CANCELLED AT 2026-04-04T20:13:31 DUE to SIGNAL Terminated ***
