
CondaError: Run 'conda init' before 'conda activate'


EnvironmentNameNotFound: Could not find conda environment: meu_env
You can list all discoverable environments with `conda info --envs`.


172.20.60.39
[I 2026-04-04 15:50:39.510 ServerApp] jupyter_lsp | extension was successfully linked.
[I 2026-04-04 15:50:39.513 ServerApp] jupyter_server_terminals | extension was successfully linked.
[I 2026-04-04 15:50:39.517 ServerApp] jupyterlab | extension was successfully linked.
[I 2026-04-04 15:50:39.520 ServerApp] notebook | extension was successfully linked.
[I 2026-04-04 15:50:39.955 ServerApp] notebook_shim | extension was successfully linked.
[I 2026-04-04 15:50:39.979 ServerApp] notebook_shim | extension was successfully loaded.
[I 2026-04-04 15:50:39.981 ServerApp] jupyter_lsp | extension was successfully loaded.
[I 2026-04-04 15:50:39.981 ServerApp] jupyter_server_terminals | extension was successfully loaded.
[I 2026-04-04 15:50:39.989 LabApp] JupyterLab extension loaded from /home/joao25017/miniconda3/envs/neuromante/lib/python3.14/site-packages/jupyterlab
[I 2026-04-04 15:50:39.989 LabApp] JupyterLab application directory is /home/joao25017/miniconda3/envs/neuromante/share/jupyter/lab
[I 2026-04-04 15:50:39.989 LabApp] Extension Manager is 'pypi'.
[I 2026-04-04 15:50:40.034 ServerApp] jupyterlab | extension was successfully loaded.
[I 2026-04-04 15:50:40.037 ServerApp] notebook | extension was successfully loaded.
[I 2026-04-04 15:50:40.038 ServerApp] Serving notebooks from local directory: /home/joao25017/work
[I 2026-04-04 15:50:40.038 ServerApp] Jupyter Server 2.17.0 is running at:
[I 2026-04-04 15:50:40.038 ServerApp] http://172.20.60.39:8888/tree?token=693689ba7bfb408d02c72b048e3e08f136e56fb2499be973
[I 2026-04-04 15:50:40.038 ServerApp]     http://127.0.0.1:8888/tree?token=693689ba7bfb408d02c72b048e3e08f136e56fb2499be973
[I 2026-04-04 15:50:40.038 ServerApp] Use Control-C to stop this server and shut down all kernels (twice to skip confirmation).
[W 2026-04-04 15:50:40.044 ServerApp] No web browser found: Error('could not locate runnable browser').
[C 2026-04-04 15:50:40.044 ServerApp] 
    
    To access the server, open this file in a browser:
        file:/home/joao25017/.local/share/jupyter/runtime/jpserver-3255529-open.html
    Or copy and paste one of these URLs:
        http://172.20.60.39:8888/tree?token=693689ba7bfb408d02c72b048e3e08f136e56fb2499be973
        http://127.0.0.1:8888/tree?token=693689ba7bfb408d02c72b048e3e08f136e56fb2499be973
[I 2026-04-04 15:50:40.075 ServerApp] Skipped non-installed server(s): basedpyright, bash-language-server, dockerfile-language-server-nodejs, javascript-typescript-langserver, jedi-language-server, julia-language-server, pyrefly, pyright, python-language-server, python-lsp-server, r-languageserver, sql-language-server, texlab, typescript-language-server, unified-language-server, vscode-css-languageserver-bin, vscode-html-languageserver-bin, vscode-json-languageserver-bin, yaml-language-server
[I 2026-04-04 15:52:46.116 ServerApp] Uploading file to /neuromante.ipynb
[W 2026-04-04 15:52:47.503 ServerApp] Notebook neuromante.ipynb is not trusted
[W 2026-04-04 15:52:48.952 ServerApp] Notebook neuromante.ipynb is not trusted
[I 2026-04-04 15:52:49.734 ServerApp] Kernel started: 5430246a-499f-4d86-bbd0-bab1ea4d36b5
[I 2026-04-04 15:52:50.665 ServerApp] Adapting from protocol version 5.3 (kernel 5430246a-499f-4d86-bbd0-bab1ea4d36b5) to 5.4 (client).
[I 2026-04-04 15:52:50.666 ServerApp] Connecting to kernel 5430246a-499f-4d86-bbd0-bab1ea4d36b5.
[W 2026-04-04 15:52:50.667 ServerApp] The websocket_ping_timeout (90000) cannot be longer than the websocket_ping_interval (30000).
    Setting websocket_ping_timeout=30000
[I 2026-04-04 15:52:50.757 ServerApp] Starting buffering for 5430246a-499f-4d86-bbd0-bab1ea4d36b5:4a1d5fc9-ad1a-4fc9-86f4-bb8f2d53e237
[I 2026-04-04 15:52:50.766 ServerApp] Adapting from protocol version 5.3 (kernel 5430246a-499f-4d86-bbd0-bab1ea4d36b5) to 5.4 (client).
[I 2026-04-04 15:52:50.767 ServerApp] Connecting to kernel 5430246a-499f-4d86-bbd0-bab1ea4d36b5.
[I 2026-04-04 15:52:50.795 ServerApp] Adapting from protocol version 5.3 (kernel 5430246a-499f-4d86-bbd0-bab1ea4d36b5) to 5.4 (client).
[I 2026-04-04 15:52:50.796 ServerApp] Connecting to kernel 5430246a-499f-4d86-bbd0-bab1ea4d36b5.
[I 2026-04-04 15:53:20.279 ServerApp] Adapting from protocol version 5.3 (kernel 5430246a-499f-4d86-bbd0-bab1ea4d36b5) to 5.4 (client).
[I 2026-04-04 15:53:20.279 ServerApp] Connecting to kernel 5430246a-499f-4d86-bbd0-bab1ea4d36b5.
[I 2026-04-04 15:54:49.903 ServerApp] Saving file at /neuromante.ipynb
[I 2026-04-04 15:58:51.873 ServerApp] Saving file at /neuromante.ipynb
[I 2026-04-04 16:00:51.949 ServerApp] Saving file at /neuromante.ipynb
[I 2026-04-04 16:04:52.888 ServerApp] Saving file at /neuromante.ipynb
[I 2026-04-04 16:12:30.349 ServerApp] Kernel restarted: 5430246a-499f-4d86-bbd0-bab1ea4d36b5
[I 2026-04-04 16:12:30.404 ServerApp] Starting buffering for 5430246a-499f-4d86-bbd0-bab1ea4d36b5:04d0b335-24a5-46fe-8a49-f515afbeab54
[I 2026-04-04 16:12:30.412 ServerApp] Adapting from protocol version 5.3 (kernel 5430246a-499f-4d86-bbd0-bab1ea4d36b5) to 5.4 (client).
[I 2026-04-04 16:12:30.412 ServerApp] Connecting to kernel 5430246a-499f-4d86-bbd0-bab1ea4d36b5.
[I 2026-04-04 16:12:30.412 ServerApp] Restoring connection for 5430246a-499f-4d86-bbd0-bab1ea4d36b5:04d0b335-24a5-46fe-8a49-f515afbeab54
[I 2026-04-04 16:12:55.869 ServerApp] Saving file at /neuromante.ipynb
[I 2026-04-04 16:14:56.949 ServerApp] Saving file at /neuromante.ipynb
[I 2026-04-04 16:18:58.360 ServerApp] Saving file at /neuromante.ipynb
[I 2026-04-04 16:20:58.931 ServerApp] Saving file at /neuromante.ipynb
[I 2026-04-04 16:24:59.929 ServerApp] Saving file at /neuromante.ipynb
[I 2026-04-04 16:27:00.064 ServerApp] Saving file at /neuromante.ipynb
[I 2026-04-04 16:29:00.884 ServerApp] Saving file at /neuromante.ipynb
[I 2026-04-04 16:33:01.872 ServerApp] Saving file at /neuromante.ipynb
[I 2026-04-04 16:35:01.967 ServerApp] Saving file at /neuromante.ipynb
[I 2026-04-04 16:37:02.887 ServerApp] Saving file at /neuromante.ipynb
[I 2026-04-04 16:39:02.952 ServerApp] Saving file at /neuromante.ipynb
[I 2026-04-04 16:41:03.887 ServerApp] Saving file at /neuromante.ipynb
[I 2026-04-04 16:43:04.914 ServerApp] Saving file at /neuromante.ipynb
[I 2026-04-04 16:45:05.904 ServerApp] Saving file at /neuromante.ipynb
[I 2026-04-04 16:47:05.967 ServerApp] Saving file at /neuromante.ipynb
[I 2026-04-04 16:49:06.905 ServerApp] Saving file at /neuromante.ipynb
[I 2026-04-04 16:53:08.895 ServerApp] Saving file at /neuromante.ipynb
[I 2026-04-04 17:09:21.930 ServerApp] Saving file at /neuromante.ipynb
[I 2026-04-04 17:11:22.911 ServerApp] Saving file at /neuromante.ipynb
[I 2026-04-04 17:13:23.901 ServerApp] Saving file at /neuromante.ipynb
[I 2026-04-04 17:17:23.970 ServerApp] Saving file at /neuromante.ipynb
[I 2026-04-04 17:19:24.064 ServerApp] Saving file at /neuromante.ipynb
[I 2026-04-04 17:21:24.922 ServerApp] Saving file at /neuromante.ipynb
[I 2026-04-04 17:23:25.004 ServerApp] Saving file at /neuromante.ipynb
[I 2026-04-04 17:25:25.079 ServerApp] Saving file at /neuromante.ipynb
[I 2026-04-04 17:25:51.032 ServerApp] Kernel restarted: 5430246a-499f-4d86-bbd0-bab1ea4d36b5
[I 2026-04-04 17:25:51.084 ServerApp] Starting buffering for 5430246a-499f-4d86-bbd0-bab1ea4d36b5:04d0b335-24a5-46fe-8a49-f515afbeab54
[I 2026-04-04 17:25:51.099 ServerApp] Adapting from protocol version 5.3 (kernel 5430246a-499f-4d86-bbd0-bab1ea4d36b5) to 5.4 (client).
[I 2026-04-04 17:25:51.100 ServerApp] Connecting to kernel 5430246a-499f-4d86-bbd0-bab1ea4d36b5.
[I 2026-04-04 17:25:51.100 ServerApp] Restoring connection for 5430246a-499f-4d86-bbd0-bab1ea4d36b5:04d0b335-24a5-46fe-8a49-f515afbeab54
[I 2026-04-04 17:27:25.908 ServerApp] Saving file at /neuromante.ipynb
[I 2026-04-04 17:31:26.922 ServerApp] Saving file at /neuromante.ipynb
[I 2026-04-04 17:33:27.994 ServerApp] Saving file at /neuromante.ipynb
[I 2026-04-04 17:39:30.930 ServerApp] Saving file at /neuromante.ipynb
[I 2026-04-04 17:43:32.932 ServerApp] Saving file at /neuromante.ipynb
[I 2026-04-04 17:45:33.000 ServerApp] Saving file at /neuromante.ipynb
[I 2026-04-04 17:47:33.962 ServerApp] Saving file at /neuromante.ipynb
[I 2026-04-04 17:53:35.926 ServerApp] Saving file at /neuromante.ipynb
[I 2026-04-04 17:55:36.905 ServerApp] Saving file at /neuromante.ipynb
[I 2026-04-04 18:01:39.918 ServerApp] Saving file at /neuromante.ipynb
[I 2026-04-04 18:05:41.121 ServerApp] Saving file at /neuromante.ipynb
[I 2026-04-04 18:07:41.196 ServerApp] Saving file at /neuromante.ipynb
[I 2026-04-04 18:09:41.953 ServerApp] Saving file at /neuromante.ipynb
[I 2026-04-04 18:13:42.947 ServerApp] Saving file at /neuromante.ipynb
[I 2026-04-04 18:15:43.014 ServerApp] Saving file at /neuromante.ipynb
[I 2026-04-04 18:21:45.010 ServerApp] Saving file at /neuromante.ipynb
[I 2026-04-04 18:23:45.926 ServerApp] Saving file at /neuromante.ipynb
[I 2026-04-04 18:27:47.935 ServerApp] Saving file at /neuromante.ipynb
[I 2026-04-04 18:29:48.941 ServerApp] Saving file at /neuromante.ipynb
[I 2026-04-04 18:37:52.936 ServerApp] Saving file at /neuromante.ipynb
[I 2026-04-04 18:43:22.110 ServerApp] Saving file at /neuromante.ipynb
[I 2026-04-04 18:55:26.005 ServerApp] Saving file at /neuromante.ipynb
[I 2026-04-04 18:57:26.071 ServerApp] Saving file at /neuromante.ipynb
[I 2026-04-04 18:59:26.133 ServerApp] Saving file at /neuromante.ipynb
[I 2026-04-04 18:59:37.121 ServerApp] Kernel restarted: 5430246a-499f-4d86-bbd0-bab1ea4d36b5
[I 2026-04-04 18:59:37.131 ServerApp] Starting buffering for 5430246a-499f-4d86-bbd0-bab1ea4d36b5:04d0b335-24a5-46fe-8a49-f515afbeab54
[I 2026-04-04 18:59:37.153 ServerApp] Adapting from protocol version 5.3 (kernel 5430246a-499f-4d86-bbd0-bab1ea4d36b5) to 5.4 (client).
[I 2026-04-04 18:59:37.153 ServerApp] Connecting to kernel 5430246a-499f-4d86-bbd0-bab1ea4d36b5.
[I 2026-04-04 18:59:37.153 ServerApp] Restoring connection for 5430246a-499f-4d86-bbd0-bab1ea4d36b5:04d0b335-24a5-46fe-8a49-f515afbeab54
[I 2026-04-04 19:01:26.947 ServerApp] Saving file at /neuromante.ipynb
[I 2026-04-04 19:03:27.047 ServerApp] Saving file at /neuromante.ipynb
[I 2026-04-04 19:05:57.105 ServerApp] Saving file at /neuromante.ipynb
[I 2026-04-04 19:06:07.235 ServerApp] Adapting from protocol version 5.3 (kernel 5430246a-499f-4d86-bbd0-bab1ea4d36b5) to 5.4 (client).
[I 2026-04-04 19:06:07.236 ServerApp] Connecting to kernel 5430246a-499f-4d86-bbd0-bab1ea4d36b5.
[I 2026-04-04 19:06:10.745 ServerApp] Adapting from protocol version 5.3 (kernel 5430246a-499f-4d86-bbd0-bab1ea4d36b5) to 5.4 (client).
[I 2026-04-04 19:06:10.746 ServerApp] Connecting to kernel 5430246a-499f-4d86-bbd0-bab1ea4d36b5.
[I 2026-04-04 19:06:17.729 ServerApp] Kernel shutdown: 5430246a-499f-4d86-bbd0-bab1ea4d36b5
[2026-04-04T19:13:34.937] error: *** JOB 5109 ON work1 CANCELLED AT 2026-04-04T19:13:34 DUE to SIGNAL Terminated ***
