
CondaError: Run 'conda init' before 'conda activate'


EnvironmentNameNotFound: Could not find conda environment: meu_env
You can list all discoverable environments with `conda info --envs`.


172.20.60.39
[I 2026-04-06 17:46:05.872 ServerApp] jupyter_lsp | extension was successfully linked.
[I 2026-04-06 17:46:05.875 ServerApp] jupyter_server_terminals | extension was successfully linked.
[I 2026-04-06 17:46:05.878 ServerApp] jupyterlab | extension was successfully linked.
[I 2026-04-06 17:46:05.881 ServerApp] notebook | extension was successfully linked.
[I 2026-04-06 17:46:06.168 ServerApp] notebook_shim | extension was successfully linked.
[I 2026-04-06 17:46:06.187 ServerApp] notebook_shim | extension was successfully loaded.
[I 2026-04-06 17:46:06.188 ServerApp] jupyter_lsp | extension was successfully loaded.
[I 2026-04-06 17:46:06.189 ServerApp] jupyter_server_terminals | extension was successfully loaded.
[I 2026-04-06 17:46:06.194 LabApp] JupyterLab extension loaded from /home/joao25017/miniconda3/envs/neuromante/lib/python3.14/site-packages/jupyterlab
[I 2026-04-06 17:46:06.195 LabApp] JupyterLab application directory is /home/joao25017/miniconda3/envs/neuromante/share/jupyter/lab
[I 2026-04-06 17:46:06.195 LabApp] Extension Manager is 'pypi'.
[I 2026-04-06 17:46:06.232 ServerApp] jupyterlab | extension was successfully loaded.
[I 2026-04-06 17:46:06.236 ServerApp] notebook | extension was successfully loaded.
[I 2026-04-06 17:46:06.236 ServerApp] The port 8888 is already in use, trying another port.
[I 2026-04-06 17:46:06.236 ServerApp] The port 8889 is already in use, trying another port.
[I 2026-04-06 17:46:06.236 ServerApp] Serving notebooks from local directory: /home/joao25017/work
[I 2026-04-06 17:46:06.236 ServerApp] Jupyter Server 2.17.0 is running at:
[I 2026-04-06 17:46:06.236 ServerApp] http://172.20.60.39:8890/tree?token=cf515d542b37c0732fb0659af9e7b04e9381fb5311b32f18
[I 2026-04-06 17:46:06.236 ServerApp]     http://127.0.0.1:8890/tree?token=cf515d542b37c0732fb0659af9e7b04e9381fb5311b32f18
[I 2026-04-06 17:46:06.236 ServerApp] Use Control-C to stop this server and shut down all kernels (twice to skip confirmation).
[W 2026-04-06 17:46:06.242 ServerApp] No web browser found: Error('could not locate runnable browser').
[C 2026-04-06 17:46:06.242 ServerApp] 
    
    To access the server, open this file in a browser:
        file:/home/joao25017/.local/share/jupyter/runtime/jpserver-3551942-open.html
    Or copy and paste one of these URLs:
        http://172.20.60.39:8890/tree?token=cf515d542b37c0732fb0659af9e7b04e9381fb5311b32f18
        http://127.0.0.1:8890/tree?token=cf515d542b37c0732fb0659af9e7b04e9381fb5311b32f18
[I 2026-04-06 17:46:06.265 ServerApp] Skipped non-installed server(s): basedpyright, bash-language-server, dockerfile-language-server-nodejs, javascript-typescript-langserver, jedi-language-server, julia-language-server, pyrefly, pyright, python-language-server, python-lsp-server, r-languageserver, sql-language-server, texlab, typescript-language-server, unified-language-server, vscode-css-languageserver-bin, vscode-html-languageserver-bin, vscode-json-languageserver-bin, yaml-language-server
[W 2026-04-06 18:29:01.254 ServerApp] Notebook neuromante.ipynb is not trusted
[W 2026-04-06 18:29:02.419 ServerApp] Notebook neuromante.ipynb is not trusted
[I 2026-04-06 18:29:03.943 ServerApp] Kernel started: a004a1d3-15bf-44ad-9e14-6bb27120953b
[I 2026-04-06 18:29:04.548 ServerApp] Adapting from protocol version 5.3 (kernel a004a1d3-15bf-44ad-9e14-6bb27120953b) to 5.4 (client).
[I 2026-04-06 18:29:04.549 ServerApp] Connecting to kernel a004a1d3-15bf-44ad-9e14-6bb27120953b.
[W 2026-04-06 18:29:04.550 ServerApp] The websocket_ping_timeout (90000) cannot be longer than the websocket_ping_interval (30000).
    Setting websocket_ping_timeout=30000
[I 2026-04-06 18:29:04.571 ServerApp] Adapting from protocol version 5.3 (kernel a004a1d3-15bf-44ad-9e14-6bb27120953b) to 5.4 (client).
[I 2026-04-06 18:29:04.572 ServerApp] Connecting to kernel a004a1d3-15bf-44ad-9e14-6bb27120953b.
[I 2026-04-06 18:29:04.594 ServerApp] Adapting from protocol version 5.3 (kernel a004a1d3-15bf-44ad-9e14-6bb27120953b) to 5.4 (client).
[I 2026-04-06 18:29:04.594 ServerApp] Connecting to kernel a004a1d3-15bf-44ad-9e14-6bb27120953b.
[I 2026-04-06 18:29:21.317 ServerApp] Kernel restarted: a004a1d3-15bf-44ad-9e14-6bb27120953b
[I 2026-04-06 18:29:21.326 ServerApp] Starting buffering for a004a1d3-15bf-44ad-9e14-6bb27120953b:a3e14c19-c26c-491a-bb1e-73159fd3bc9b
[I 2026-04-06 18:29:21.341 ServerApp] Adapting from protocol version 5.3 (kernel a004a1d3-15bf-44ad-9e14-6bb27120953b) to 5.4 (client).
[I 2026-04-06 18:29:21.341 ServerApp] Connecting to kernel a004a1d3-15bf-44ad-9e14-6bb27120953b.
[I 2026-04-06 18:29:21.341 ServerApp] Restoring connection for a004a1d3-15bf-44ad-9e14-6bb27120953b:a3e14c19-c26c-491a-bb1e-73159fd3bc9b
[I 2026-04-06 18:31:02.672 ServerApp] Saving file at /neuromante.ipynb
[I 2026-04-06 18:33:02.786 ServerApp] Saving file at /neuromante.ipynb
[I 2026-04-06 18:37:02.920 ServerApp] Saving file at /neuromante.ipynb
[I 2026-04-06 18:39:03.000 ServerApp] Saving file at /neuromante.ipynb
[I 2026-04-06 18:39:31.242 ServerApp] Adapting from protocol version 5.3 (kernel a004a1d3-15bf-44ad-9e14-6bb27120953b) to 5.4 (client).
[I 2026-04-06 18:39:31.242 ServerApp] Connecting to kernel a004a1d3-15bf-44ad-9e14-6bb27120953b.
[W 2026-04-06 18:39:36.187 ServerApp] delete /Melhores modelos/mlp_adam.pth
[W 2026-04-06 18:40:08.238 ServerApp] delete /Melhores modelos/mlp_adam.pth
[I 2026-04-06 18:41:03.211 ServerApp] Saving file at /neuromante.ipynb
[W 2026-04-06 18:41:50.515 ServerApp] delete /Melhores modelos/mlp_adam.pth
[W 2026-04-06 18:42:38.320 ServerApp] delete /Melhores modelos/mlp_adam.pth
[I 2026-04-06 18:42:48.668 ServerApp] Kernel restarted: a004a1d3-15bf-44ad-9e14-6bb27120953b
[I 2026-04-06 18:42:48.694 ServerApp] Starting buffering for a004a1d3-15bf-44ad-9e14-6bb27120953b:a3e14c19-c26c-491a-bb1e-73159fd3bc9b
[I 2026-04-06 18:42:48.706 ServerApp] Adapting from protocol version 5.3 (kernel a004a1d3-15bf-44ad-9e14-6bb27120953b) to 5.4 (client).
[I 2026-04-06 18:42:48.706 ServerApp] Connecting to kernel a004a1d3-15bf-44ad-9e14-6bb27120953b.
[I 2026-04-06 18:42:48.706 ServerApp] Restoring connection for a004a1d3-15bf-44ad-9e14-6bb27120953b:a3e14c19-c26c-491a-bb1e-73159fd3bc9b
[I 2026-04-06 18:43:03.385 ServerApp] Saving file at /neuromante.ipynb
[I 2026-04-06 18:43:12.501 ServerApp] Kernel restarted: a004a1d3-15bf-44ad-9e14-6bb27120953b
[I 2026-04-06 18:43:12.551 ServerApp] Starting buffering for a004a1d3-15bf-44ad-9e14-6bb27120953b:a3e14c19-c26c-491a-bb1e-73159fd3bc9b
[I 2026-04-06 18:43:12.563 ServerApp] Adapting from protocol version 5.3 (kernel a004a1d3-15bf-44ad-9e14-6bb27120953b) to 5.4 (client).
[I 2026-04-06 18:43:12.564 ServerApp] Connecting to kernel a004a1d3-15bf-44ad-9e14-6bb27120953b.
[I 2026-04-06 18:43:12.564 ServerApp] Restoring connection for a004a1d3-15bf-44ad-9e14-6bb27120953b:a3e14c19-c26c-491a-bb1e-73159fd3bc9b
[I 2026-04-06 18:43:29.342 ServerApp] Kernel restarted: a004a1d3-15bf-44ad-9e14-6bb27120953b
[I 2026-04-06 18:43:29.350 ServerApp] Starting buffering for a004a1d3-15bf-44ad-9e14-6bb27120953b:a3e14c19-c26c-491a-bb1e-73159fd3bc9b
[I 2026-04-06 18:43:29.361 ServerApp] Adapting from protocol version 5.3 (kernel a004a1d3-15bf-44ad-9e14-6bb27120953b) to 5.4 (client).
[I 2026-04-06 18:43:29.361 ServerApp] Connecting to kernel a004a1d3-15bf-44ad-9e14-6bb27120953b.
[I 2026-04-06 18:43:29.361 ServerApp] Restoring connection for a004a1d3-15bf-44ad-9e14-6bb27120953b:a3e14c19-c26c-491a-bb1e-73159fd3bc9b
[I 2026-04-06 18:43:31.181 ServerApp] Kernel restarted: a004a1d3-15bf-44ad-9e14-6bb27120953b
[I 2026-04-06 18:43:31.192 ServerApp] Starting buffering for a004a1d3-15bf-44ad-9e14-6bb27120953b:a3e14c19-c26c-491a-bb1e-73159fd3bc9b
[I 2026-04-06 18:43:31.203 ServerApp] Adapting from protocol version 5.3 (kernel a004a1d3-15bf-44ad-9e14-6bb27120953b) to 5.4 (client).
[I 2026-04-06 18:43:31.204 ServerApp] Connecting to kernel a004a1d3-15bf-44ad-9e14-6bb27120953b.
[I 2026-04-06 18:43:31.204 ServerApp] Restoring connection for a004a1d3-15bf-44ad-9e14-6bb27120953b:a3e14c19-c26c-491a-bb1e-73159fd3bc9b
[I 2026-04-06 18:45:03.775 ServerApp] Saving file at /neuromante.ipynb
[I 2026-04-06 18:47:04.174 ServerApp] Saving file at /neuromante.ipynb
[I 2026-04-06 18:48:10.694 ServerApp] Kernel restarted: a004a1d3-15bf-44ad-9e14-6bb27120953b
[I 2026-04-06 18:48:10.772 ServerApp] Starting buffering for a004a1d3-15bf-44ad-9e14-6bb27120953b:a3e14c19-c26c-491a-bb1e-73159fd3bc9b
[I 2026-04-06 18:48:10.783 ServerApp] Adapting from protocol version 5.3 (kernel a004a1d3-15bf-44ad-9e14-6bb27120953b) to 5.4 (client).
[I 2026-04-06 18:48:10.783 ServerApp] Connecting to kernel a004a1d3-15bf-44ad-9e14-6bb27120953b.
[I 2026-04-06 18:48:10.784 ServerApp] Restoring connection for a004a1d3-15bf-44ad-9e14-6bb27120953b:a3e14c19-c26c-491a-bb1e-73159fd3bc9b
[I 2026-04-06 18:49:04.273 ServerApp] Saving file at /neuromante.ipynb
[I 2026-04-06 18:51:04.426 ServerApp] Saving file at /neuromante.ipynb
[I 2026-04-06 18:52:29.244 ServerApp] Kernel restarted: a004a1d3-15bf-44ad-9e14-6bb27120953b
[I 2026-04-06 18:52:29.258 ServerApp] Starting buffering for a004a1d3-15bf-44ad-9e14-6bb27120953b:a3e14c19-c26c-491a-bb1e-73159fd3bc9b
[I 2026-04-06 18:52:29.269 ServerApp] Adapting from protocol version 5.3 (kernel a004a1d3-15bf-44ad-9e14-6bb27120953b) to 5.4 (client).
[I 2026-04-06 18:52:29.270 ServerApp] Connecting to kernel a004a1d3-15bf-44ad-9e14-6bb27120953b.
[I 2026-04-06 18:52:29.270 ServerApp] Restoring connection for a004a1d3-15bf-44ad-9e14-6bb27120953b:a3e14c19-c26c-491a-bb1e-73159fd3bc9b
[I 2026-04-06 18:53:04.534 ServerApp] Saving file at /neuromante.ipynb
[I 2026-04-06 18:53:18.511 ServerApp] Adapting from protocol version 5.3 (kernel a004a1d3-15bf-44ad-9e14-6bb27120953b) to 5.4 (client).
[I 2026-04-06 18:53:18.512 ServerApp] Connecting to kernel a004a1d3-15bf-44ad-9e14-6bb27120953b.
[I 2026-04-06 18:53:28.694 ServerApp] Adapting from protocol version 5.3 (kernel a004a1d3-15bf-44ad-9e14-6bb27120953b) to 5.4 (client).
[I 2026-04-06 18:53:28.695 ServerApp] Connecting to kernel a004a1d3-15bf-44ad-9e14-6bb27120953b.
[I 2026-04-06 18:55:05.175 ServerApp] Saving file at /neuromante.ipynb
[I 2026-04-06 18:56:44.058 ServerApp] Kernel restarted: a004a1d3-15bf-44ad-9e14-6bb27120953b
[I 2026-04-06 18:56:44.091 ServerApp] Starting buffering for a004a1d3-15bf-44ad-9e14-6bb27120953b:a3e14c19-c26c-491a-bb1e-73159fd3bc9b
[I 2026-04-06 18:56:44.114 ServerApp] Adapting from protocol version 5.3 (kernel a004a1d3-15bf-44ad-9e14-6bb27120953b) to 5.4 (client).
[I 2026-04-06 18:56:44.114 ServerApp] Connecting to kernel a004a1d3-15bf-44ad-9e14-6bb27120953b.
[I 2026-04-06 18:56:44.114 ServerApp] Restoring connection for a004a1d3-15bf-44ad-9e14-6bb27120953b:a3e14c19-c26c-491a-bb1e-73159fd3bc9b
[I 2026-04-06 18:57:05.352 ServerApp] Saving file at /neuromante.ipynb
[I 2026-04-06 18:57:50.491 ServerApp] Kernel restarted: a004a1d3-15bf-44ad-9e14-6bb27120953b
[I 2026-04-06 18:57:50.501 ServerApp] Starting buffering for a004a1d3-15bf-44ad-9e14-6bb27120953b:a3e14c19-c26c-491a-bb1e-73159fd3bc9b
[I 2026-04-06 18:57:50.564 ServerApp] Adapting from protocol version 5.3 (kernel a004a1d3-15bf-44ad-9e14-6bb27120953b) to 5.4 (client).
[I 2026-04-06 18:57:50.565 ServerApp] Connecting to kernel a004a1d3-15bf-44ad-9e14-6bb27120953b.
[I 2026-04-06 18:57:50.565 ServerApp] Restoring connection for a004a1d3-15bf-44ad-9e14-6bb27120953b:a3e14c19-c26c-491a-bb1e-73159fd3bc9b
[I 2026-04-06 18:59:05.483 ServerApp] Saving file at /neuromante.ipynb
[I 2026-04-06 19:01:05.644 ServerApp] Saving file at /neuromante.ipynb
[I 2026-04-06 19:03:05.916 ServerApp] Saving file at /neuromante.ipynb
[I 2026-04-06 19:05:06.056 ServerApp] Saving file at /neuromante.ipynb
[I 2026-04-06 19:07:06.233 ServerApp] Saving file at /neuromante.ipynb
[I 2026-04-06 19:08:29.227 ServerApp] Saving file at /neuromante.ipynb
[I 2026-04-06 19:08:31.316 ServerApp] Kernel restarted: a004a1d3-15bf-44ad-9e14-6bb27120953b
[I 2026-04-06 19:08:31.369 ServerApp] Starting buffering for a004a1d3-15bf-44ad-9e14-6bb27120953b:a3e14c19-c26c-491a-bb1e-73159fd3bc9b
[I 2026-04-06 19:08:31.379 ServerApp] Adapting from protocol version 5.3 (kernel a004a1d3-15bf-44ad-9e14-6bb27120953b) to 5.4 (client).
[I 2026-04-06 19:08:31.379 ServerApp] Connecting to kernel a004a1d3-15bf-44ad-9e14-6bb27120953b.
[I 2026-04-06 19:08:31.379 ServerApp] Restoring connection for a004a1d3-15bf-44ad-9e14-6bb27120953b:a3e14c19-c26c-491a-bb1e-73159fd3bc9b
[I 2026-04-06 19:10:30.229 ServerApp] Saving file at /neuromante.ipynb
[I 2026-04-06 19:12:28.264 ServerApp] Adapting from protocol version 5.3 (kernel a004a1d3-15bf-44ad-9e14-6bb27120953b) to 5.4 (client).
[I 2026-04-06 19:12:28.264 ServerApp] Connecting to kernel a004a1d3-15bf-44ad-9e14-6bb27120953b.
[I 2026-04-06 19:12:31.200 ServerApp] Saving file at /neuromante.ipynb
[I 2026-04-06 19:14:12.039 ServerApp] Adapting from protocol version 5.3 (kernel a004a1d3-15bf-44ad-9e14-6bb27120953b) to 5.4 (client).
[I 2026-04-06 19:14:12.039 ServerApp] Connecting to kernel a004a1d3-15bf-44ad-9e14-6bb27120953b.
[I 2026-04-06 19:14:32.246 ServerApp] Saving file at /neuromante.ipynb
[I 2026-04-06 19:16:33.193 ServerApp] Saving file at /neuromante.ipynb
[I 2026-04-06 19:18:33.411 ServerApp] Saving file at /neuromante.ipynb
[I 2026-04-06 19:20:33.568 ServerApp] Saving file at /neuromante.ipynb
[W 2026-04-06 19:23:01.381 ServerApp] WebSocket ping timeout after 119958 ms.
[I 2026-04-06 19:23:06.384 ServerApp] Starting buffering for a004a1d3-15bf-44ad-9e14-6bb27120953b:a3e14c19-c26c-491a-bb1e-73159fd3bc9b
[I 2026-04-06 19:24:53.462 ServerApp] Adapting from protocol version 5.3 (kernel a004a1d3-15bf-44ad-9e14-6bb27120953b) to 5.4 (client).
[I 2026-04-06 19:24:53.463 ServerApp] Connecting to kernel a004a1d3-15bf-44ad-9e14-6bb27120953b.
[I 2026-04-06 19:24:53.463 ServerApp] Restoring connection for a004a1d3-15bf-44ad-9e14-6bb27120953b:a3e14c19-c26c-491a-bb1e-73159fd3bc9b
[I 2026-04-06 19:26:21.594 ServerApp] Saving file at /neuromante.ipynb
[I 2026-04-06 19:28:21.771 ServerApp] Saving file at /neuromante.ipynb
[I 2026-04-06 19:30:22.217 ServerApp] Saving file at /neuromante.ipynb
[I 2026-04-06 19:32:22.334 ServerApp] Saving file at /neuromante.ipynb
[I 2026-04-06 19:34:23.222 ServerApp] Saving file at /neuromante.ipynb
[I 2026-04-06 19:42:26.244 ServerApp] Saving file at /neuromante.ipynb
[I 2026-04-06 19:44:26.373 ServerApp] Saving file at /neuromante.ipynb
[I 2026-04-06 19:46:26.612 ServerApp] Saving file at /neuromante.ipynb
[I 2026-04-06 19:48:26.760 ServerApp] Saving file at /neuromante.ipynb
[I 2026-04-06 20:30:52.232 ServerApp] Saving file at /neuromante.ipynb
[I 2026-04-06 20:32:53.225 ServerApp] Saving file at /neuromante.ipynb
[I 2026-04-06 20:34:54.242 ServerApp] Saving file at /neuromante.ipynb
[I 2026-04-06 20:38:55.228 ServerApp] Saving file at /neuromante.ipynb
[I 2026-04-06 20:40:55.363 ServerApp] Saving file at /neuromante.ipynb
[I 2026-04-06 20:42:55.464 ServerApp] Saving file at /neuromante.ipynb
[I 2026-04-06 20:44:55.572 ServerApp] Saving file at /neuromante.ipynb
[I 2026-04-06 20:46:55.710 ServerApp] Saving file at /neuromante.ipynb
[I 2026-04-06 20:48:55.825 ServerApp] Saving file at /neuromante.ipynb
[I 2026-04-06 20:49:08.085 ServerApp] Kernel restarted: a004a1d3-15bf-44ad-9e14-6bb27120953b
[I 2026-04-06 20:49:08.107 ServerApp] Starting buffering for a004a1d3-15bf-44ad-9e14-6bb27120953b:a3e14c19-c26c-491a-bb1e-73159fd3bc9b
[I 2026-04-06 20:49:08.132 ServerApp] Adapting from protocol version 5.3 (kernel a004a1d3-15bf-44ad-9e14-6bb27120953b) to 5.4 (client).
[I 2026-04-06 20:49:08.132 ServerApp] Connecting to kernel a004a1d3-15bf-44ad-9e14-6bb27120953b.
[I 2026-04-06 20:49:08.132 ServerApp] Restoring connection for a004a1d3-15bf-44ad-9e14-6bb27120953b:a3e14c19-c26c-491a-bb1e-73159fd3bc9b
[I 2026-04-06 20:50:55.942 ServerApp] Saving file at /neuromante.ipynb
[I 2026-04-06 20:52:56.182 ServerApp] Saving file at /neuromante.ipynb
[I 2026-04-06 20:54:56.345 ServerApp] Saving file at /neuromante.ipynb
[I 2026-04-06 20:56:56.465 ServerApp] Saving file at /neuromante.ipynb
[I 2026-04-06 20:58:56.610 ServerApp] Saving file at /neuromante.ipynb
[I 2026-04-06 21:00:56.751 ServerApp] Saving file at /neuromante.ipynb
[I 2026-04-06 21:02:56.885 ServerApp] Saving file at /neuromante.ipynb
[I 2026-04-06 21:04:57.082 ServerApp] Saving file at /neuromante.ipynb
[I 2026-04-06 21:06:57.219 ServerApp] Saving file at /neuromante.ipynb
[I 2026-04-06 21:08:57.371 ServerApp] Saving file at /neuromante.ipynb
[I 2026-04-06 21:10:57.539 ServerApp] Saving file at /neuromante.ipynb
[I 2026-04-06 21:12:58.310 ServerApp] Saving file at /neuromante.ipynb
[I 2026-04-06 21:14:59.261 ServerApp] Saving file at /neuromante.ipynb
[I 2026-04-06 21:16:59.399 ServerApp] Saving file at /neuromante.ipynb
[I 2026-04-06 21:18:59.550 ServerApp] Saving file at /neuromante.ipynb
[I 2026-04-06 21:20:59.841 ServerApp] Saving file at /neuromante.ipynb
[I 2026-04-06 21:21:03.633 ServerApp] Saving file at /neuromante.ipynb
[I 2026-04-06 21:21:08.446 ServerApp] Kernel restarted: a004a1d3-15bf-44ad-9e14-6bb27120953b
[I 2026-04-06 21:21:08.467 ServerApp] Starting buffering for a004a1d3-15bf-44ad-9e14-6bb27120953b:a3e14c19-c26c-491a-bb1e-73159fd3bc9b
[I 2026-04-06 21:21:08.493 ServerApp] Adapting from protocol version 5.3 (kernel a004a1d3-15bf-44ad-9e14-6bb27120953b) to 5.4 (client).
[I 2026-04-06 21:21:08.493 ServerApp] Connecting to kernel a004a1d3-15bf-44ad-9e14-6bb27120953b.
[I 2026-04-06 21:21:08.494 ServerApp] Restoring connection for a004a1d3-15bf-44ad-9e14-6bb27120953b:a3e14c19-c26c-491a-bb1e-73159fd3bc9b
[I 2026-04-06 21:23:00.019 ServerApp] Saving file at /neuromante.ipynb
[I 2026-04-06 21:42:42.929 ServerApp] Saving file at /neuromante.ipynb
